2017-08-24 20:08:01 
Webpack bundle file compiled
Array
(
    [0] => Hash: cded37e0006ae2c6eb80
    [1] => Version: webpack 3.5.5
    [2] => Time: 144ms
    [3] =>     Asset     Size  Chunks             Chunk Names
    [4] => bundle.js  22.8 kB       0  [emitted]  main
    [5] =>    [0] ./wp-content/plugins/Network-Nanny/public/js/app.js 448 bytes {0} [built]
    [6] =>    [1] ./wp-content/plugins/Network-Nanny/public/js/data.js 203 bytes {0} [built]
    [7] =>    [2] ./wp-includes/js/admin-bar.min.js 7.19 kB {0} [built]
    [8] =>    [3] ./wp-includes/js/wp-embed.min.js 1.4 kB {0} [built]
    [9] =>    [4] ./wp-content/themes/twentyseventeen/assets/js/html5.js 10.3 kB {0} [built]
    [10] =>    [5] ./wp-content/themes/twentyseventeen/assets/js/skip-link-focus-fix.js 683 bytes {0} [built]
)
2017-08-24 20:08:19 
Webpack bundle file compiled
Array
(
    [0] => Hash: cded37e0006ae2c6eb80
    [1] => Version: webpack 3.5.5
    [2] => Time: 132ms
    [3] =>     Asset     Size  Chunks             Chunk Names
    [4] => bundle.js  22.8 kB       0  [emitted]  main
    [5] =>    [0] ./wp-content/plugins/Network-Nanny/public/js/app.js 448 bytes {0} [built]
    [6] =>    [1] ./wp-content/plugins/Network-Nanny/public/js/data.js 203 bytes {0} [built]
    [7] =>    [2] ./wp-includes/js/admin-bar.min.js 7.19 kB {0} [built]
    [8] =>    [3] ./wp-includes/js/wp-embed.min.js 1.4 kB {0} [built]
    [9] =>    [4] ./wp-content/themes/twentyseventeen/assets/js/html5.js 10.3 kB {0} [built]
    [10] =>    [5] ./wp-content/themes/twentyseventeen/assets/js/skip-link-focus-fix.js 683 bytes {0} [built]
)
2017-08-24 20:08:22 
Webpack bundle file compiled
Array
(
    [0] => Hash: cded37e0006ae2c6eb80
    [1] => Version: webpack 3.5.5
    [2] => Time: 133ms
    [3] =>     Asset     Size  Chunks             Chunk Names
    [4] => bundle.js  22.8 kB       0  [emitted]  main
    [5] =>    [0] ./wp-content/plugins/Network-Nanny/public/js/app.js 448 bytes {0} [built]
    [6] =>    [1] ./wp-content/plugins/Network-Nanny/public/js/data.js 203 bytes {0} [built]
    [7] =>    [2] ./wp-includes/js/admin-bar.min.js 7.19 kB {0} [built]
    [8] =>    [3] ./wp-includes/js/wp-embed.min.js 1.4 kB {0} [built]
    [9] =>    [4] ./wp-content/themes/twentyseventeen/assets/js/html5.js 10.3 kB {0} [built]
    [10] =>    [5] ./wp-content/themes/twentyseventeen/assets/js/skip-link-focus-fix.js 683 bytes {0} [built]
)
2017-08-24 20:08:24 
Webpack bundle file compiled
Array
(
    [0] => Hash: cded37e0006ae2c6eb80
    [1] => Version: webpack 3.5.5
    [2] => Time: 138ms
    [3] =>     Asset     Size  Chunks             Chunk Names
    [4] => bundle.js  22.8 kB       0  [emitted]  main
    [5] =>    [0] ./wp-content/plugins/Network-Nanny/public/js/app.js 448 bytes {0} [built]
    [6] =>    [1] ./wp-content/plugins/Network-Nanny/public/js/data.js 203 bytes {0} [built]
    [7] =>    [2] ./wp-includes/js/admin-bar.min.js 7.19 kB {0} [built]
    [8] =>    [3] ./wp-includes/js/wp-embed.min.js 1.4 kB {0} [built]
    [9] =>    [4] ./wp-content/themes/twentyseventeen/assets/js/html5.js 10.3 kB {0} [built]
    [10] =>    [5] ./wp-content/themes/twentyseventeen/assets/js/skip-link-focus-fix.js 683 bytes {0} [built]
)
2017-08-24 20:12:45 
Webpack bundle file compiled
Array
(
    [0] => Hash: cded37e0006ae2c6eb80
    [1] => Version: webpack 3.5.5
    [2] => Time: 139ms
    [3] =>     Asset     Size  Chunks             Chunk Names
    [4] => bundle.js  22.8 kB       0  [emitted]  main
    [5] =>    [0] ./wp-content/plugins/Network-Nanny/public/js/app.js 448 bytes {0} [built]
    [6] =>    [1] ./wp-content/plugins/Network-Nanny/public/js/data.js 203 bytes {0} [built]
    [7] =>    [2] ./wp-includes/js/admin-bar.min.js 7.19 kB {0} [built]
    [8] =>    [3] ./wp-includes/js/wp-embed.min.js 1.4 kB {0} [built]
    [9] =>    [4] ./wp-content/themes/twentyseventeen/assets/js/html5.js 10.3 kB {0} [built]
    [10] =>    [5] ./wp-content/themes/twentyseventeen/assets/js/skip-link-focus-fix.js 683 bytes {0} [built]
)
2017-08-24 20:13:52 
export PATH=/usr/local/bin:/usr/bin:/bin:/usr/sbin:/sbin; /Users/clinton/Sites/wordpress/wp-content/plugins/Network-Nanny/node_modules/.bin/webpack --config /Users/clinton/Sites/wordpress/wp-content/plugins/Network-Nanny/webpack.config.js
Array
(
    [0] => Hash: cded37e0006ae2c6eb80
    [1] => Version: webpack 3.5.5
    [2] => Time: 136ms
    [3] =>     Asset     Size  Chunks             Chunk Names
    [4] => bundle.js  22.8 kB       0  [emitted]  main
    [5] =>    [0] ./wp-content/plugins/Network-Nanny/public/js/app.js 448 bytes {0} [built]
    [6] =>    [1] ./wp-content/plugins/Network-Nanny/public/js/data.js 203 bytes {0} [built]
    [7] =>    [2] ./wp-includes/js/admin-bar.min.js 7.19 kB {0} [built]
    [8] =>    [3] ./wp-includes/js/wp-embed.min.js 1.4 kB {0} [built]
    [9] =>    [4] ./wp-content/themes/twentyseventeen/assets/js/html5.js 10.3 kB {0} [built]
    [10] =>    [5] ./wp-content/themes/twentyseventeen/assets/js/skip-link-focus-fix.js 683 bytes {0} [built]
)
